<?xml version="1.0" encoding="UTF-8"?>
<testsuite name="EdgeConnectorTest" tests="13" skipped="0" failures="0" errors="0" timestamp="2024-10-06T22:02:12" hostname="MacBookPro" time="0.21">
  <properties/>
  <testcase name="testGetEndPoint1" classname="EdgeConnectorTest" time="0.2"/>
  <testcase name="testGetEndPoint2" classname="EdgeConnectorTest" time="0.001"/>
  <testcase name="testGetEndStyle1" classname="EdgeConnectorTest" time="0.001"/>
  <testcase name="testGetEndStyle2" classname="EdgeConnectorTest" time="0.0"/>
  <testcase name="testGetNumConnector" classname="EdgeConnectorTest" time="0.003"/>
  <testcase name="testGetIsEP1Field" classname="EdgeConnectorTest" time="0.0"/>
  <testcase name="testGetIsEP1Table" classname="EdgeConnectorTest" time="0.001"/>
  <testcase name="testGetIsEP2Field" classname="EdgeConnectorTest" time="0.001"/>
  <testcase name="testGetIsEP2Table" classname="EdgeConnectorTest" time="0.0"/>
  <testcase name="testSetIsEP1Field" classname="EdgeConnectorTest" time="0.001"/>
  <testcase name="testSetIsEP1Table" classname="EdgeConnectorTest" time="0.001"/>
  <testcase name="testSetIsEP2Field" classname="EdgeConnectorTest" time="0.0"/>
  <testcase name="testSetIsEP2Table" classname="EdgeConnectorTest" time="0.001"/>
  <system-out><![CDATA[18:02:12.611 [Test worker] INFO  EdgeConnectorTest - Setting up EdgeConnectorTest
18:02:12.613 [Test worker] INFO  EdgeConnector - Creating new EdgeConnector from input string
18:02:12.619 [Test worker] INFO  EdgeConnectorTest - Running testGetEndPoint1
18:02:12.620 [Test worker] INFO  EdgeConnectorTest - testGetEndPoint1 passed
18:02:12.621 [Test worker] INFO  EdgeConnectorTest - Setting up EdgeConnectorTest
18:02:12.621 [Test worker] INFO  EdgeConnector - Creating new EdgeConnector from input string
18:02:12.621 [Test worker] INFO  EdgeConnectorTest - Running testGetEndPoint2
18:02:12.621 [Test worker] INFO  EdgeConnectorTest - testGetEndPoint2 passed
18:02:12.621 [Test worker] INFO  EdgeConnectorTest - Setting up EdgeConnectorTest
18:02:12.621 [Test worker] INFO  EdgeConnector - Creating new EdgeConnector from input string
18:02:12.622 [Test worker] INFO  EdgeConnectorTest - Running testGetEndStyle1
18:02:12.622 [Test worker] INFO  EdgeConnectorTest - testGetEndStyle1 passed
18:02:12.622 [Test worker] INFO  EdgeConnectorTest - Setting up EdgeConnectorTest
18:02:12.622 [Test worker] INFO  EdgeConnector - Creating new EdgeConnector from input string
18:02:12.622 [Test worker] INFO  EdgeConnectorTest - Running testGetEndStyle2
18:02:12.622 [Test worker] INFO  EdgeConnectorTest - testGetEndStyle2 passed
18:02:12.623 [Test worker] INFO  EdgeConnectorTest - Setting up EdgeConnectorTest
18:02:12.623 [Test worker] INFO  EdgeConnector - Creating new EdgeConnector from input string
18:02:12.623 [Test worker] INFO  EdgeConnectorTest - Running testGetNumConnector
18:02:12.625 [Test worker] INFO  EdgeConnectorTest - testGetNumConnector passed
18:02:12.625 [Test worker] INFO  EdgeConnectorTest - Setting up EdgeConnectorTest
18:02:12.625 [Test worker] INFO  EdgeConnector - Creating new EdgeConnector from input string
18:02:12.625 [Test worker] INFO  EdgeConnectorTest - Running testGetIsEP1Field
18:02:12.625 [Test worker] INFO  EdgeConnectorTest - testGetIsEP1Field passed
18:02:12.625 [Test worker] INFO  EdgeConnectorTest - Setting up EdgeConnectorTest
18:02:12.625 [Test worker] INFO  EdgeConnector - Creating new EdgeConnector from input string
18:02:12.626 [Test worker] INFO  EdgeConnectorTest - Running testGetIsEP1Table
18:02:12.626 [Test worker] INFO  EdgeConnectorTest - testGetIsEP1Table passed
18:02:12.626 [Test worker] INFO  EdgeConnectorTest - Setting up EdgeConnectorTest
18:02:12.626 [Test worker] INFO  EdgeConnector - Creating new EdgeConnector from input string
18:02:12.626 [Test worker] INFO  EdgeConnectorTest - Running testGetIsEP2Field
18:02:12.627 [Test worker] INFO  EdgeConnectorTest - testGetIsEP2Field passed
18:02:12.627 [Test worker] INFO  EdgeConnectorTest - Setting up EdgeConnectorTest
18:02:12.627 [Test worker] INFO  EdgeConnector - Creating new EdgeConnector from input string
18:02:12.627 [Test worker] INFO  EdgeConnectorTest - Running testGetIsEP2Table
18:02:12.627 [Test worker] INFO  EdgeConnectorTest - testGetIsEP2Table passed
18:02:12.627 [Test worker] INFO  EdgeConnectorTest - Setting up EdgeConnectorTest
18:02:12.627 [Test worker] INFO  EdgeConnector - Creating new EdgeConnector from input string
18:02:12.628 [Test worker] INFO  EdgeConnectorTest - Running testSetIsEP1Field
18:02:12.628 [Test worker] INFO  EdgeConnectorTest - testSetIsEP1Field passed
18:02:12.628 [Test worker] INFO  EdgeConnectorTest - Setting up EdgeConnectorTest
18:02:12.628 [Test worker] INFO  EdgeConnector - Creating new EdgeConnector from input string
18:02:12.628 [Test worker] INFO  EdgeConnectorTest - Running testSetIsEP1Table
18:02:12.629 [Test worker] INFO  EdgeConnectorTest - testSetIsEP1Table passed
18:02:12.629 [Test worker] INFO  EdgeConnectorTest - Setting up EdgeConnectorTest
18:02:12.629 [Test worker] INFO  EdgeConnector - Creating new EdgeConnector from input string
18:02:12.629 [Test worker] INFO  EdgeConnectorTest - Running testSetIsEP2Field
18:02:12.629 [Test worker] INFO  EdgeConnectorTest - testSetIsEP2Field passed
18:02:12.629 [Test worker] INFO  EdgeConnectorTest - Setting up EdgeConnectorTest
18:02:12.629 [Test worker] INFO  EdgeConnector - Creating new EdgeConnector from input string
18:02:12.630 [Test worker] INFO  EdgeConnectorTest - Running testSetIsEP2Table
18:02:12.630 [Test worker] INFO  EdgeConnectorTest - testSetIsEP2Table passed
]]></system-out>
  <system-err><![CDATA[]]></system-err>
</testsuite>
