<?xml version="1.0" encoding="UTF-8"?>
<testsuite name="EdgeConvertCreateDDLTest" tests="12" skipped="0" failures="0" errors="0" timestamp="2024-11-04T20:06:44" hostname="noas-air-3.wireless.rit.edu" time="3.614">
  <properties/>
  <testcase name="testInitializeWithNoBoundFields" classname="EdgeConvertCreateDDLTest" time="0.171"/>
  <testcase name="testGetTableByFigureNumberValid" classname="EdgeConvertCreateDDLTest" time="0.002"/>
  <testcase name="testInitializeWithBoundFields" classname="EdgeConvertCreateDDLTest" time="0.002"/>
  <testcase name="testConstructorWithTablesAndFields" classname="EdgeConvertCreateDDLTest" time="0.002"/>
  <testcase name="testGetFieldByFigureNumberValid" classname="EdgeConvertCreateDDLTest" time="0.001"/>
  <testcase name="testGetFieldByFigureNumberInvalid" classname="EdgeConvertCreateDDLTest" time="0.002"/>
  <testcase name="testGetSQLString" classname="EdgeConvertCreateDDLTest" time="2.563"/>
  <testcase name="testGetProductName" classname="EdgeConvertCreateDDLTest" time="0.003"/>
  <testcase name="testGetDatabaseName" classname="EdgeConvertCreateDDLTest" time="0.002"/>
  <testcase name="testCreateDDL" classname="EdgeConvertCreateDDLTest" time="0.858"/>
  <testcase name="testGetTableByFigureNumberInvalid" classname="EdgeConvertCreateDDLTest" time="0.005"/>
  <testcase name="testDefaultConstructor" classname="EdgeConvertCreateDDLTest" time="0.003"/>
  <system-out><![CDATA[15:06:45.123 [Test worker] INFO  EdgeField - Creating new EdgeField from input string
15:06:45.132 [Test worker] INFO  EdgeField - dataType set to: 0 (Varchar)
15:06:45.132 [Test worker] INFO  EdgeField - varcharValue set to: 255
15:06:45.132 [Test worker] INFO  EdgeField - Creating new EdgeField from input string
15:06:45.132 [Test worker] INFO  EdgeField - dataType set to: 2 (Integer)
15:06:45.133 [Test worker] INFO  EdgeTable - Creating new EdgeTable from input string
15:06:45.133 [Test worker] INFO  EdgeTable - Creating new EdgeTable from input string
15:06:45.133 [Test worker] INFO  EdgeTable - Converting ArrayLists to arrays
15:06:45.133 [Test worker] INFO  EdgeTable - Converting ArrayLists to arrays
15:06:45.134 [Test worker] INFO  EdgeConvertCreateDDL - Creating EdgeConvertCreateDDL with tables and fields
15:06:45.134 [Test worker] INFO  EdgeConvertCreateDDL - Initializing EdgeConvertCreateDDL
15:06:45.134 [Test worker] INFO  CreateDDLMySQL - CreateDDLMySQL constructor called with 2 tables and 2 fields
15:06:45.134 [Test worker] INFO  EdgeTable - Creating new EdgeTable from input string
15:06:45.135 [Test worker] INFO  EdgeTable - Converting ArrayLists to arrays
15:06:45.135 [Test worker] INFO  EdgeTable - Creating new EdgeTable from input string
15:06:45.135 [Test worker] INFO  EdgeTable - Converting ArrayLists to arrays
15:06:45.135 [Test worker] INFO  EdgeConvertCreateDDL - Creating EdgeConvertCreateDDL with tables and fields
15:06:45.135 [Test worker] INFO  EdgeConvertCreateDDL - Initializing EdgeConvertCreateDDL
15:06:45.135 [Test worker] INFO  CreateDDLMySQL - CreateDDLMySQL constructor called with 2 tables and 2 fields
15:06:45.135 [Test worker] INFO  EdgeConvertCreateDDL - Initializing EdgeConvertCreateDDL
15:06:45.137 [Test worker] INFO  EdgeField - Creating new EdgeField from input string
15:06:45.137 [Test worker] INFO  EdgeField - dataType set to: 0 (Varchar)
15:06:45.137 [Test worker] INFO  EdgeField - varcharValue set to: 255
15:06:45.137 [Test worker] INFO  EdgeField - Creating new EdgeField from input string
15:06:45.138 [Test worker] INFO  EdgeField - dataType set to: 2 (Integer)
15:06:45.138 [Test worker] INFO  EdgeTable - Creating new EdgeTable from input string
15:06:45.138 [Test worker] INFO  EdgeTable - Creating new EdgeTable from input string
15:06:45.138 [Test worker] INFO  EdgeTable - Converting ArrayLists to arrays
15:06:45.138 [Test worker] INFO  EdgeTable - Converting ArrayLists to arrays
15:06:45.138 [Test worker] INFO  EdgeConvertCreateDDL - Creating EdgeConvertCreateDDL with tables and fields
15:06:45.138 [Test worker] INFO  EdgeConvertCreateDDL - Initializing EdgeConvertCreateDDL
15:06:45.139 [Test worker] INFO  CreateDDLMySQL - CreateDDLMySQL constructor called with 2 tables and 2 fields
15:06:45.139 [Test worker] INFO  EdgeField - Creating new EdgeField from input string
15:06:45.139 [Test worker] INFO  EdgeField - dataType set to: 0 (Varchar)
15:06:45.139 [Test worker] INFO  EdgeField - varcharValue set to: 255
15:06:45.139 [Test worker] INFO  EdgeField - Creating new EdgeField from input string
15:06:45.139 [Test worker] INFO  EdgeField - dataType set to: 2 (Integer)
15:06:45.139 [Test worker] INFO  EdgeTable - Creating new EdgeTable from input string
15:06:45.140 [Test worker] INFO  EdgeTable - Creating new EdgeTable from input string
15:06:45.140 [Test worker] INFO  EdgeTable - Converting ArrayLists to arrays
15:06:45.140 [Test worker] INFO  EdgeTable - Converting ArrayLists to arrays
15:06:45.140 [Test worker] INFO  EdgeConvertCreateDDL - Creating EdgeConvertCreateDDL with tables and fields
15:06:45.140 [Test worker] INFO  EdgeConvertCreateDDL - Initializing EdgeConvertCreateDDL
15:06:45.140 [Test worker] INFO  CreateDDLMySQL - CreateDDLMySQL constructor called with 2 tables and 2 fields
15:06:45.140 [Test worker] INFO  EdgeConvertCreateDDL - Initializing EdgeConvertCreateDDL
15:06:45.141 [Test worker] INFO  EdgeField - Creating new EdgeField from input string
15:06:45.141 [Test worker] INFO  EdgeField - dataType set to: 0 (Varchar)
15:06:45.141 [Test worker] INFO  EdgeField - varcharValue set to: 255
15:06:45.141 [Test worker] INFO  EdgeField - Creating new EdgeField from input string
15:06:45.141 [Test worker] INFO  EdgeField - dataType set to: 2 (Integer)
15:06:45.141 [Test worker] INFO  EdgeTable - Creating new EdgeTable from input string
15:06:45.141 [Test worker] INFO  EdgeTable - Creating new EdgeTable from input string
15:06:45.142 [Test worker] INFO  EdgeTable - Converting ArrayLists to arrays
15:06:45.142 [Test worker] INFO  EdgeTable - Converting ArrayLists to arrays
15:06:45.142 [Test worker] INFO  EdgeConvertCreateDDL - Creating EdgeConvertCreateDDL with tables and fields
15:06:45.142 [Test worker] INFO  EdgeConvertCreateDDL - Initializing EdgeConvertCreateDDL
15:06:45.142 [Test worker] INFO  CreateDDLMySQL - CreateDDLMySQL constructor called with 2 tables and 2 fields
15:06:45.142 [Test worker] INFO  EdgeConvertCreateDDL - Creating EdgeConvertCreateDDL with tables and fields
15:06:45.142 [Test worker] INFO  EdgeConvertCreateDDL - Initializing EdgeConvertCreateDDL
15:06:45.143 [Test worker] INFO  CreateDDLMySQL - CreateDDLMySQL constructor called with 2 tables and 2 fields
15:06:45.143 [Test worker] INFO  EdgeField - Creating new EdgeField from input string
15:06:45.143 [Test worker] INFO  EdgeField - dataType set to: 0 (Varchar)
15:06:45.143 [Test worker] INFO  EdgeField - varcharValue set to: 255
15:06:45.143 [Test worker] INFO  EdgeField - Creating new EdgeField from input string
15:06:45.143 [Test worker] INFO  EdgeField - dataType set to: 2 (Integer)
15:06:45.143 [Test worker] INFO  EdgeTable - Creating new EdgeTable from input string
15:06:45.143 [Test worker] INFO  EdgeTable - Creating new EdgeTable from input string
15:06:45.144 [Test worker] INFO  EdgeTable - Converting ArrayLists to arrays
15:06:45.144 [Test worker] INFO  EdgeTable - Converting ArrayLists to arrays
15:06:45.144 [Test worker] INFO  EdgeConvertCreateDDL - Creating EdgeConvertCreateDDL with tables and fields
15:06:45.144 [Test worker] INFO  EdgeConvertCreateDDL - Initializing EdgeConvertCreateDDL
15:06:45.144 [Test worker] INFO  CreateDDLMySQL - CreateDDLMySQL constructor called with 2 tables and 2 fields
15:06:45.144 [Test worker] INFO  EdgeField - Creating new EdgeField from input string
15:06:45.144 [Test worker] INFO  EdgeField - dataType set to: 0 (Varchar)
15:06:45.144 [Test worker] INFO  EdgeField - varcharValue set to: 255
15:06:45.145 [Test worker] INFO  EdgeField - Creating new EdgeField from input string
15:06:45.145 [Test worker] INFO  EdgeField - dataType set to: 2 (Integer)
15:06:45.145 [Test worker] INFO  EdgeTable - Creating new EdgeTable from input string
15:06:45.145 [Test worker] INFO  EdgeTable - Creating new EdgeTable from input string
15:06:45.145 [Test worker] INFO  EdgeTable - Converting ArrayLists to arrays
15:06:45.145 [Test worker] INFO  EdgeTable - Converting ArrayLists to arrays
15:06:45.145 [Test worker] INFO  EdgeConvertCreateDDL - Creating EdgeConvertCreateDDL with tables and fields
15:06:45.145 [Test worker] INFO  EdgeConvertCreateDDL - Initializing EdgeConvertCreateDDL
15:06:45.145 [Test worker] INFO  CreateDDLMySQL - CreateDDLMySQL constructor called with 2 tables and 2 fields
15:06:45.146 [Test worker] WARN  EdgeConvertCreateDDL - No field found for figure number: 99
15:06:45.146 [Test worker] INFO  EdgeField - Creating new EdgeField from input string
15:06:45.146 [Test worker] INFO  EdgeField - dataType set to: 0 (Varchar)
15:06:45.146 [Test worker] INFO  EdgeField - varcharValue set to: 255
15:06:45.146 [Test worker] INFO  EdgeField - Creating new EdgeField from input string
15:06:45.146 [Test worker] INFO  EdgeField - dataType set to: 2 (Integer)
15:06:45.146 [Test worker] INFO  EdgeTable - Creating new EdgeTable from input string
15:06:45.146 [Test worker] INFO  EdgeTable - Creating new EdgeTable from input string
15:06:45.146 [Test worker] INFO  EdgeTable - Converting ArrayLists to arrays
15:06:45.146 [Test worker] INFO  EdgeTable - Converting ArrayLists to arrays
15:06:45.147 [Test worker] INFO  EdgeConvertCreateDDL - Creating EdgeConvertCreateDDL with tables and fields
15:06:45.147 [Test worker] INFO  EdgeConvertCreateDDL - Initializing EdgeConvertCreateDDL
15:06:45.147 [Test worker] INFO  CreateDDLMySQL - CreateDDLMySQL constructor called with 2 tables and 2 fields
15:06:45.147 [Test worker] INFO  CreateDDLMySQL - Creating DDL for MySQL
15:06:45.150 [Test worker] INFO  CreateDDLMySQL - Generating database name
15:06:47.705 [Test worker] INFO  CreateDDLMySQL - Database name set to: t
15:06:47.708 [Test worker] INFO  CreateDDLMySQL - DDL creation completed
15:06:47.709 [Test worker] INFO  EdgeField - Creating new EdgeField from input string
15:06:47.709 [Test worker] INFO  EdgeField - dataType set to: 0 (Varchar)
15:06:47.709 [Test worker] INFO  EdgeField - varcharValue set to: 255
15:06:47.709 [Test worker] INFO  EdgeField - Creating new EdgeField from input string
15:06:47.710 [Test worker] INFO  EdgeField - dataType set to: 2 (Integer)
15:06:47.710 [Test worker] INFO  EdgeTable - Creating new EdgeTable from input string
15:06:47.710 [Test worker] INFO  EdgeTable - Creating new EdgeTable from input string
15:06:47.710 [Test worker] INFO  EdgeTable - Converting ArrayLists to arrays
15:06:47.711 [Test worker] INFO  EdgeTable - Converting ArrayLists to arrays
15:06:47.711 [Test worker] INFO  EdgeConvertCreateDDL - Creating EdgeConvertCreateDDL with tables and fields
15:06:47.711 [Test worker] INFO  EdgeConvertCreateDDL - Initializing EdgeConvertCreateDDL
15:06:47.711 [Test worker] INFO  CreateDDLMySQL - CreateDDLMySQL constructor called with 2 tables and 2 fields
15:06:47.712 [Test worker] INFO  EdgeField - Creating new EdgeField from input string
15:06:47.712 [Test worker] INFO  EdgeField - dataType set to: 0 (Varchar)
15:06:47.712 [Test worker] INFO  EdgeField - varcharValue set to: 255
15:06:47.712 [Test worker] INFO  EdgeField - Creating new EdgeField from input string
15:06:47.712 [Test worker] INFO  EdgeField - dataType set to: 2 (Integer)
15:06:47.712 [Test worker] INFO  EdgeTable - Creating new EdgeTable from input string
15:06:47.712 [Test worker] INFO  EdgeTable - Creating new EdgeTable from input string
15:06:47.713 [Test worker] INFO  EdgeTable - Converting ArrayLists to arrays
15:06:47.713 [Test worker] INFO  EdgeTable - Converting ArrayLists to arrays
15:06:47.713 [Test worker] INFO  EdgeConvertCreateDDL - Creating EdgeConvertCreateDDL with tables and fields
15:06:47.713 [Test worker] INFO  EdgeConvertCreateDDL - Initializing EdgeConvertCreateDDL
15:06:47.713 [Test worker] INFO  CreateDDLMySQL - CreateDDLMySQL constructor called with 2 tables and 2 fields
15:06:47.714 [Test worker] INFO  EdgeField - Creating new EdgeField from input string
15:06:47.714 [Test worker] INFO  EdgeField - dataType set to: 0 (Varchar)
15:06:47.714 [Test worker] INFO  EdgeField - varcharValue set to: 255
15:06:47.714 [Test worker] INFO  EdgeField - Creating new EdgeField from input string
15:06:47.715 [Test worker] INFO  EdgeField - dataType set to: 2 (Integer)
15:06:47.715 [Test worker] INFO  EdgeTable - Creating new EdgeTable from input string
15:06:47.715 [Test worker] INFO  EdgeTable - Creating new EdgeTable from input string
15:06:47.715 [Test worker] INFO  EdgeTable - Converting ArrayLists to arrays
15:06:47.715 [Test worker] INFO  EdgeTable - Converting ArrayLists to arrays
15:06:47.715 [Test worker] INFO  EdgeConvertCreateDDL - Creating EdgeConvertCreateDDL with tables and fields
15:06:47.715 [Test worker] INFO  EdgeConvertCreateDDL - Initializing EdgeConvertCreateDDL
15:06:47.716 [Test worker] INFO  CreateDDLMySQL - CreateDDLMySQL constructor called with 2 tables and 2 fields
15:06:47.716 [Test worker] INFO  CreateDDLMySQL - Creating DDL for MySQL
15:06:47.716 [Test worker] INFO  CreateDDLMySQL - Generating database name
15:06:48.154 [Test worker] INFO  CreateDDLMySQL - Database name set to: MySQLDB
15:06:48.155 [Test worker] INFO  CreateDDLMySQL - DDL creation completed
15:06:48.157 [Test worker] INFO  CreateDDLMySQL - Creating DDL for MySQL
15:06:48.158 [Test worker] INFO  CreateDDLMySQL - Generating database name
15:06:48.569 [Test worker] INFO  CreateDDLMySQL - Database name set to: MySQLDB
15:06:48.571 [Test worker] INFO  CreateDDLMySQL - DDL creation completed
15:06:48.572 [Test worker] INFO  EdgeField - Creating new EdgeField from input string
15:06:48.573 [Test worker] INFO  EdgeField - dataType set to: 0 (Varchar)
15:06:48.573 [Test worker] INFO  EdgeField - varcharValue set to: 255
15:06:48.573 [Test worker] INFO  EdgeField - Creating new EdgeField from input string
15:06:48.573 [Test worker] INFO  EdgeField - dataType set to: 2 (Integer)
15:06:48.573 [Test worker] INFO  EdgeTable - Creating new EdgeTable from input string
15:06:48.573 [Test worker] INFO  EdgeTable - Creating new EdgeTable from input string
15:06:48.574 [Test worker] INFO  EdgeTable - Converting ArrayLists to arrays
15:06:48.574 [Test worker] INFO  EdgeTable - Converting ArrayLists to arrays
15:06:48.575 [Test worker] INFO  EdgeConvertCreateDDL - Creating EdgeConvertCreateDDL with tables and fields
15:06:48.575 [Test worker] INFO  EdgeConvertCreateDDL - Initializing EdgeConvertCreateDDL
15:06:48.575 [Test worker] INFO  CreateDDLMySQL - CreateDDLMySQL constructor called with 2 tables and 2 fields
15:06:48.576 [Test worker] WARN  EdgeConvertCreateDDL - No table found for figure number: 99
15:06:48.576 [Test worker] INFO  EdgeField - Creating new EdgeField from input string
15:06:48.577 [Test worker] INFO  EdgeField - dataType set to: 0 (Varchar)
15:06:48.577 [Test worker] INFO  EdgeField - varcharValue set to: 255
15:06:48.577 [Test worker] INFO  EdgeField - Creating new EdgeField from input string
15:06:48.577 [Test worker] INFO  EdgeField - dataType set to: 2 (Integer)
15:06:48.578 [Test worker] INFO  EdgeTable - Creating new EdgeTable from input string
15:06:48.578 [Test worker] INFO  EdgeTable - Creating new EdgeTable from input string
15:06:48.578 [Test worker] INFO  EdgeTable - Converting ArrayLists to arrays
15:06:48.578 [Test worker] INFO  EdgeTable - Converting ArrayLists to arrays
15:06:48.579 [Test worker] INFO  EdgeConvertCreateDDL - Creating EdgeConvertCreateDDL with tables and fields
15:06:48.579 [Test worker] INFO  EdgeConvertCreateDDL - Initializing EdgeConvertCreateDDL
15:06:48.579 [Test worker] INFO  CreateDDLMySQL - CreateDDLMySQL constructor called with 2 tables and 2 fields
15:06:48.579 [Test worker] INFO  EdgeConvertCreateDDL - Creating EdgeConvertCreateDDL with default constructor
]]></system-out>
  <system-err><![CDATA[]]></system-err>
</testsuite>
